-------------------------------------------------------------------------------
Test set: sk.stuba.sdg.isbe.services.CommandServiceTests
-------------------------------------------------------------------------------
Tests run: 7, Failures: 1, Errors: 0, Skipped: 0, Time elapsed: 0.101 s <<< FAILURE! - in sk.stuba.sdg.isbe.services.CommandServiceTests
testCreateCommand  Time elapsed: 0.012 s  <<< FAILURE!
org.opentest4j.AssertionFailedError: Expected sk.stuba.sdg.isbe.handlers.exceptions.InvalidEntityException to be thrown, but nothing was thrown.
	at sk.stuba.sdg.isbe.services.CommandServiceTests.testCreateCommand(CommandServiceTests.java:52)

